000 (3650731.000.000) 2026-04-17 10:34:38 Job submitted from host: <10.5.0.95:9618?addrs=10.5.0.95-9618&alias=its-og-login3.syr.edu&noUDP&sock=schedd_1996_ab1f>
...
001 (3650731.000.000) 2026-04-17 10:35:06 Job executing on host: <10.5.207.48:9618?addrs=10.5.207.48-9618&alias=CRUSH-OG-10-5-207-48&noUDP&sock=startd_1528_a8cd>
...
006 (3650731.000.000) 2026-04-17 10:35:14 Image size of job updated: 45048
	28  -  MemoryUsage of job (MB)
	27888  -  ResidentSetSize of job (KB)
...
006 (3650731.000.000) 2026-04-17 10:40:14 Image size of job updated: 1094112
	380  -  MemoryUsage of job (MB)
	388376  -  ResidentSetSize of job (KB)
...
000 (3650733.000.000) 2026-04-17 10:43:24 Job submitted from host: <10.5.0.95:9618?addrs=10.5.0.95-9618&alias=its-og-login3.syr.edu&noUDP&sock=schedd_1996_ab1f>
...
000 (3650735.000.000) 2026-04-17 10:43:24 Job submitted from host: <10.5.0.95:9618?addrs=10.5.0.95-9618&alias=its-og-login3.syr.edu&noUDP&sock=schedd_1996_ab1f>
...
000 (3650737.000.000) 2026-04-17 10:43:24 Job submitted from host: <10.5.0.95:9618?addrs=10.5.0.95-9618&alias=its-og-login3.syr.edu&noUDP&sock=schedd_1996_ab1f>
...
000 (3650739.000.000) 2026-04-17 10:43:24 Job submitted from host: <10.5.0.95:9618?addrs=10.5.0.95-9618&alias=its-og-login3.syr.edu&noUDP&sock=schedd_1996_ab1f>
...
022 (3650737.000.000) 2026-04-17 10:43:34 Job disconnected, attempting to reconnect
    Socket between submit and execute hosts closed unexpectedly
    Trying to reconnect to slot1_1@OG-NODE-10-5-199-57 <10.5.199.57:9618?addrs=10.5.199.57-9618&alias=OG-NODE-10-5-199-57&noUDP&sock=startd_1497_655d>
...
024 (3650737.000.000) 2026-04-17 10:43:34 Job reconnection failed
    Job not found at execution machine
    Can not reconnect to slot1_1@OG-NODE-10-5-199-57, rescheduling job
...
001 (3650735.000.000) 2026-04-17 10:43:44 Job executing on host: <10.5.255.116:9618?addrs=10.5.255.116-9618&alias=CRUSH-OG-10-5-255-116&noUDP&sock=startd_1537_d527>
...
006 (3650735.000.000) 2026-04-17 10:43:53 Image size of job updated: 129976
	8  -  MemoryUsage of job (MB)
	7264  -  ResidentSetSize of job (KB)
...
022 (3650739.000.000) 2026-04-17 10:43:56 Job disconnected, attempting to reconnect
    Socket between submit and execute hosts closed unexpectedly
    Trying to reconnect to slot1_1@OG-NODE-10-5-198-241 <10.5.198.241:9618?addrs=10.5.198.241-9618&alias=OG-NODE-10-5-198-241&noUDP&sock=startd_1506_91b7>
...
022 (3650737.000.000) 2026-04-17 10:43:56 Job disconnected, attempting to reconnect
    Socket between submit and execute hosts closed unexpectedly
    Trying to reconnect to slot1_1@OG-NODE-10-5-200-75 <10.5.200.75:9618?addrs=10.5.200.75-9618&alias=OG-NODE-10-5-200-75&noUDP&sock=startd_1241_cd1e>
...
024 (3650739.000.000) 2026-04-17 10:43:56 Job reconnection failed
    Job not found at execution machine
    Can not reconnect to slot1_1@OG-NODE-10-5-198-241, rescheduling job
...
024 (3650737.000.000) 2026-04-17 10:43:56 Job reconnection failed
    Job not found at execution machine
    Can not reconnect to slot1_1@OG-NODE-10-5-200-75, rescheduling job
...
022 (3650737.000.000) 2026-04-17 10:44:17 Job disconnected, attempting to reconnect
    Socket between submit and execute hosts closed unexpectedly
    Trying to reconnect to slot1_1@OG-NODE-10-5-200-75 <10.5.200.75:9618?addrs=10.5.200.75-9618&alias=OG-NODE-10-5-200-75&noUDP&sock=startd_1241_cd1e>
...
022 (3650739.000.000) 2026-04-17 10:44:17 Job disconnected, attempting to reconnect
    Socket between submit and execute hosts closed unexpectedly
    Trying to reconnect to slot1_1@OG-NODE-10-5-199-57 <10.5.199.57:9618?addrs=10.5.199.57-9618&alias=OG-NODE-10-5-199-57&noUDP&sock=startd_1497_655d>
...
024 (3650737.000.000) 2026-04-17 10:44:17 Job reconnection failed
    Job not found at execution machine
    Can not reconnect to slot1_1@OG-NODE-10-5-200-75, rescheduling job
...
024 (3650739.000.000) 2026-04-17 10:44:17 Job reconnection failed
    Job not found at execution machine
    Can not reconnect to slot1_1@OG-NODE-10-5-199-57, rescheduling job
...
001 (3650733.000.000) 2026-04-17 10:44:26 Job executing on host: <10.5.46.2:9618?addrs=10.5.46.2-9618&alias=ITS-EAS-PGI-M10-S1-its-u20-nfs-20210413&noUDP&sock=startd_834_a213>
...
006 (3650733.000.000) 2026-04-17 10:44:34 Image size of job updated: 129976
	51  -  MemoryUsage of job (MB)
	51692  -  ResidentSetSize of job (KB)
...
022 (3650739.000.000) 2026-04-17 10:44:38 Job disconnected, attempting to reconnect
    Socket between submit and execute hosts closed unexpectedly
    Trying to reconnect to slot1_1@OG-NODE-10-5-200-75 <10.5.200.75:9618?addrs=10.5.200.75-9618&alias=OG-NODE-10-5-200-75&noUDP&sock=startd_1241_cd1e>
...
024 (3650739.000.000) 2026-04-17 10:44:38 Job reconnection failed
    Job not found at execution machine
    Can not reconnect to slot1_1@OG-NODE-10-5-200-75, rescheduling job
...
022 (3650739.000.000) 2026-04-17 10:44:59 Job disconnected, attempting to reconnect
    Socket between submit and execute hosts closed unexpectedly
    Trying to reconnect to slot1_1@OG-NODE-10-5-200-75 <10.5.200.75:9618?addrs=10.5.200.75-9618&alias=OG-NODE-10-5-200-75&noUDP&sock=startd_1241_cd1e>
...
024 (3650739.000.000) 2026-04-17 10:44:59 Job reconnection failed
    Job not found at execution machine
    Can not reconnect to slot1_1@OG-NODE-10-5-200-75, rescheduling job
...
022 (3650739.000.000) 2026-04-17 10:45:22 Job disconnected, attempting to reconnect
    Socket between submit and execute hosts closed unexpectedly
    Trying to reconnect to slot1_1@OG-NODE-10-5-200-75 <10.5.200.75:9618?addrs=10.5.200.75-9618&alias=OG-NODE-10-5-200-75&noUDP&sock=startd_1241_cd1e>
...
024 (3650739.000.000) 2026-04-17 10:45:22 Job reconnection failed
    Job not found at execution machine
    Can not reconnect to slot1_1@OG-NODE-10-5-200-75, rescheduling job
...
022 (3650739.000.000) 2026-04-17 10:45:43 Job disconnected, attempting to reconnect
    Socket between submit and execute hosts closed unexpectedly
    Trying to reconnect to slot1_1@OG-NODE-10-5-200-75 <10.5.200.75:9618?addrs=10.5.200.75-9618&alias=OG-NODE-10-5-200-75&noUDP&sock=startd_1241_cd1e>
...
024 (3650739.000.000) 2026-04-17 10:45:43 Job reconnection failed
    Job not found at execution machine
    Can not reconnect to slot1_1@OG-NODE-10-5-200-75, rescheduling job
...
022 (3650739.000.000) 2026-04-17 10:46:05 Job disconnected, attempting to reconnect
    Socket between submit and execute hosts closed unexpectedly
    Trying to reconnect to slot1_1@OG-NODE-10-5-200-75 <10.5.200.75:9618?addrs=10.5.200.75-9618&alias=OG-NODE-10-5-200-75&noUDP&sock=startd_1241_cd1e>
...
024 (3650739.000.000) 2026-04-17 10:46:05 Job reconnection failed
    Job not found at execution machine
    Can not reconnect to slot1_1@OG-NODE-10-5-200-75, rescheduling job
...
001 (3650739.000.000) 2026-04-17 10:46:32 Job executing on host: <10.5.194.168:9618?addrs=10.5.194.168-9618&alias=OG-NODE-10-5-194-168&noUDP&sock=startd_1517_1d42>
...
006 (3650739.000.000) 2026-04-17 10:46:41 Image size of job updated: 46980
	17  -  MemoryUsage of job (MB)
	16960  -  ResidentSetSize of job (KB)
...
006 (3650735.000.000) 2026-04-17 10:48:54 Image size of job updated: 1018284
	425  -  MemoryUsage of job (MB)
	435008  -  ResidentSetSize of job (KB)
...
006 (3650733.000.000) 2026-04-17 10:49:34 Image size of job updated: 1102084
	401  -  MemoryUsage of job (MB)
	409980  -  ResidentSetSize of job (KB)
...
006 (3650731.000.000) 2026-04-17 10:50:15 Image size of job updated: 1094112
	380  -  MemoryUsage of job (MB)
	388580  -  ResidentSetSize of job (KB)
...
006 (3650739.000.000) 2026-04-17 10:51:42 Image size of job updated: 1095088
	378  -  MemoryUsage of job (MB)
	386904  -  ResidentSetSize of job (KB)
...
001 (3650737.000.000) 2026-04-17 10:52:21 Job executing on host: <10.5.246.88:9618?addrs=10.5.246.88-9618&alias=CRUSH-OG-10-5-246-88&noUDP&sock=startd_1519_7c73>
...
006 (3650737.000.000) 2026-04-17 10:52:30 Image size of job updated: 129844
	23  -  MemoryUsage of job (MB)
	22892  -  ResidentSetSize of job (KB)
...
006 (3650735.000.000) 2026-04-17 10:53:55 Image size of job updated: 1101948
	425  -  MemoryUsage of job (MB)
	435008  -  ResidentSetSize of job (KB)
...
006 (3650733.000.000) 2026-04-17 10:54:34 Image size of job updated: 1102084
	429  -  MemoryUsage of job (MB)
	438548  -  ResidentSetSize of job (KB)
...
006 (3650739.000.000) 2026-04-17 10:56:43 Image size of job updated: 1095088
	482  -  MemoryUsage of job (MB)
	492656  -  ResidentSetSize of job (KB)
...
006 (3650737.000.000) 2026-04-17 10:57:31 Image size of job updated: 1016848
	380  -  MemoryUsage of job (MB)
	389040  -  ResidentSetSize of job (KB)
...
006 (3650735.000.000) 2026-04-17 10:58:55 Image size of job updated: 1101968
	425  -  MemoryUsage of job (MB)
	435008  -  ResidentSetSize of job (KB)
...
006 (3650733.000.000) 2026-04-17 10:59:35 Image size of job updated: 1102096
	429  -  MemoryUsage of job (MB)
	438548  -  ResidentSetSize of job (KB)
...
006 (3650731.000.000) 2026-04-17 11:00:16 Image size of job updated: 1094112
	425  -  MemoryUsage of job (MB)
	434196  -  ResidentSetSize of job (KB)
...
006 (3650739.000.000) 2026-04-17 11:01:43 Image size of job updated: 1095088
	484  -  MemoryUsage of job (MB)
	494768  -  ResidentSetSize of job (KB)
...
006 (3650737.000.000) 2026-04-17 11:02:31 Image size of job updated: 1019272
	423  -  MemoryUsage of job (MB)
	432564  -  ResidentSetSize of job (KB)
...
006 (3650731.000.000) 2026-04-17 11:05:17 Image size of job updated: 1096684
	425  -  MemoryUsage of job (MB)
	434196  -  ResidentSetSize of job (KB)
...
006 (3650735.000.000) 2026-04-17 11:08:57 Image size of job updated: 1101968
	431  -  MemoryUsage of job (MB)
	440516  -  ResidentSetSize of job (KB)
...
006 (3650731.000.000) 2026-04-17 11:10:18 Image size of job updated: 1096784
	425  -  MemoryUsage of job (MB)
	434196  -  ResidentSetSize of job (KB)
...
006 (3650737.000.000) 2026-04-17 11:12:32 Image size of job updated: 1097676
	423  -  MemoryUsage of job (MB)
	432564  -  ResidentSetSize of job (KB)
...
006 (3650735.000.000) 2026-04-17 11:13:57 Image size of job updated: 1102048
	432  -  MemoryUsage of job (MB)
	442232  -  ResidentSetSize of job (KB)
...
006 (3650733.000.000) 2026-04-17 11:14:37 Image size of job updated: 1102096
	429  -  MemoryUsage of job (MB)
	438768  -  ResidentSetSize of job (KB)
...
006 (3650737.000.000) 2026-04-17 11:17:32 Image size of job updated: 1097680
	423  -  MemoryUsage of job (MB)
	432564  -  ResidentSetSize of job (KB)
...
006 (3650733.000.000) 2026-04-17 11:29:38 Image size of job updated: 1102096
	432  -  MemoryUsage of job (MB)
	441620  -  ResidentSetSize of job (KB)
...
006 (3650739.000.000) 2026-04-17 11:36:46 Image size of job updated: 1095112
	484  -  MemoryUsage of job (MB)
	494768  -  ResidentSetSize of job (KB)
...
006 (3650737.000.000) 2026-04-17 11:37:34 Image size of job updated: 1097696
	423  -  MemoryUsage of job (MB)
	432564  -  ResidentSetSize of job (KB)
...
006 (3650735.000.000) 2026-04-17 11:39:00 Image size of job updated: 1102048
	469  -  MemoryUsage of job (MB)
	479844  -  ResidentSetSize of job (KB)
...
006 (3650731.000.000) 2026-04-17 11:40:20 Image size of job updated: 1096784
	496  -  MemoryUsage of job (MB)
	507176  -  ResidentSetSize of job (KB)
...
006 (3650735.000.000) 2026-04-17 11:44:01 Image size of job updated: 1102048
	471  -  MemoryUsage of job (MB)
	481428  -  ResidentSetSize of job (KB)
...
006 (3650731.000.000) 2026-04-17 11:45:21 Image size of job updated: 1096784
	498  -  MemoryUsage of job (MB)
	509948  -  ResidentSetSize of job (KB)
...
006 (3650739.000.000) 2026-04-17 11:46:48 Image size of job updated: 1095112
	502  -  MemoryUsage of job (MB)
	513216  -  ResidentSetSize of job (KB)
...
006 (3650733.000.000) 2026-04-17 11:59:42 Image size of job updated: 1102104
	432  -  MemoryUsage of job (MB)
	441620  -  ResidentSetSize of job (KB)
...
006 (3650735.000.000) 2026-04-17 12:09:03 Image size of job updated: 1102048
	494  -  MemoryUsage of job (MB)
	505084  -  ResidentSetSize of job (KB)
...
006 (3650735.000.000) 2026-04-17 12:14:04 Image size of job updated: 1102048
	496  -  MemoryUsage of job (MB)
	506932  -  ResidentSetSize of job (KB)
...
006 (3650737.000.000) 2026-04-17 12:22:38 Image size of job updated: 1097696
	428  -  MemoryUsage of job (MB)
	437936  -  ResidentSetSize of job (KB)
...
006 (3650733.000.000) 2026-04-17 12:29:46 Image size of job updated: 1102104
	511  -  MemoryUsage of job (MB)
	522624  -  ResidentSetSize of job (KB)
...
006 (3650737.000.000) 2026-04-17 12:47:40 Image size of job updated: 1097700
	428  -  MemoryUsage of job (MB)
	437936  -  ResidentSetSize of job (KB)
...
006 (3650735.000.000) 2026-04-17 13:14:09 Image size of job updated: 1102048
	508  -  MemoryUsage of job (MB)
	519400  -  ResidentSetSize of job (KB)
...
006 (3650737.000.000) 2026-04-17 13:42:45 Image size of job updated: 1097700
	504  -  MemoryUsage of job (MB)
	515584  -  ResidentSetSize of job (KB)
...
006 (3650737.000.000) 2026-04-17 14:32:51 Image size of job updated: 1097760
	504  -  MemoryUsage of job (MB)
	515584  -  ResidentSetSize of job (KB)
...
006 (3650733.000.000) 2026-04-17 15:00:01 Image size of job updated: 1134672
	511  -  MemoryUsage of job (MB)
	522624  -  ResidentSetSize of job (KB)
...
006 (3650733.000.000) 2026-04-17 15:05:02 Image size of job updated: 1134764
	511  -  MemoryUsage of job (MB)
	522624  -  ResidentSetSize of job (KB)
...
006 (3650737.000.000) 2026-04-17 15:12:55 Image size of job updated: 1097796
	504  -  MemoryUsage of job (MB)
	515584  -  ResidentSetSize of job (KB)
...
006 (3650731.000.000) 2026-04-17 15:40:45 Image size of job updated: 1096800
	498  -  MemoryUsage of job (MB)
	509948  -  ResidentSetSize of job (KB)
...
006 (3650733.000.000) 2026-04-17 15:50:07 Image size of job updated: 1134784
	511  -  MemoryUsage of job (MB)
	522624  -  ResidentSetSize of job (KB)
...
006 (3650733.000.000) 2026-04-17 16:10:09 Image size of job updated: 1134792
	511  -  MemoryUsage of job (MB)
	522624  -  ResidentSetSize of job (KB)
...
006 (3650733.000.000) 2026-04-17 16:30:11 Image size of job updated: 1134824
	511  -  MemoryUsage of job (MB)
	522624  -  ResidentSetSize of job (KB)
...
006 (3650737.000.000) 2026-04-17 16:48:06 Image size of job updated: 1097796
	504  -  MemoryUsage of job (MB)
	515812  -  ResidentSetSize of job (KB)
...
006 (3650733.000.000) 2026-04-17 17:10:15 Image size of job updated: 1134840
	511  -  MemoryUsage of job (MB)
	522624  -  ResidentSetSize of job (KB)
...
006 (3650731.000.000) 2026-04-17 17:15:55 Image size of job updated: 1129388
	498  -  MemoryUsage of job (MB)
	509948  -  ResidentSetSize of job (KB)
...
006 (3650731.000.000) 2026-04-17 17:30:57 Image size of job updated: 1129464
	498  -  MemoryUsage of job (MB)
	509948  -  ResidentSetSize of job (KB)
...
006 (3650731.000.000) 2026-04-17 17:50:59 Image size of job updated: 1129564
	498  -  MemoryUsage of job (MB)
	509948  -  ResidentSetSize of job (KB)
...
006 (3650731.000.000) 2026-04-17 17:56:00 Image size of job updated: 1129568
	498  -  MemoryUsage of job (MB)
	509948  -  ResidentSetSize of job (KB)
...
006 (3650735.000.000) 2026-04-17 18:49:46 Image size of job updated: 1102052
	508  -  MemoryUsage of job (MB)
	519400  -  ResidentSetSize of job (KB)
...
006 (3650731.000.000) 2026-04-17 18:51:06 Image size of job updated: 1130492
	498  -  MemoryUsage of job (MB)
	509948  -  ResidentSetSize of job (KB)
...
006 (3650731.000.000) 2026-04-17 18:56:07 Image size of job updated: 1130588
	498  -  MemoryUsage of job (MB)
	509948  -  ResidentSetSize of job (KB)
...
006 (3650737.000.000) 2026-04-17 19:03:19 Image size of job updated: 1130568
	504  -  MemoryUsage of job (MB)
	515812  -  ResidentSetSize of job (KB)
...
006 (3650733.000.000) 2026-04-17 19:40:32 Image size of job updated: 1134864
	511  -  MemoryUsage of job (MB)
	522624  -  ResidentSetSize of job (KB)
...
006 (3650733.000.000) 2026-04-17 19:45:32 Image size of job updated: 1134868
	511  -  MemoryUsage of job (MB)
	522624  -  ResidentSetSize of job (KB)
...
006 (3650735.000.000) 2026-04-17 19:54:53 Image size of job updated: 1134716
	508  -  MemoryUsage of job (MB)
	519400  -  ResidentSetSize of job (KB)
...
006 (3650735.000.000) 2026-04-17 20:09:55 Image size of job updated: 1134804
	508  -  MemoryUsage of job (MB)
	519400  -  ResidentSetSize of job (KB)
...
006 (3650731.000.000) 2026-04-17 22:06:28 Image size of job updated: 1130620
	498  -  MemoryUsage of job (MB)
	509948  -  ResidentSetSize of job (KB)
...
006 (3650731.000.000) 2026-04-17 22:26:30 Image size of job updated: 1130620
	503  -  MemoryUsage of job (MB)
	514492  -  ResidentSetSize of job (KB)
...
006 (3650735.000.000) 2026-04-18 00:25:20 Image size of job updated: 1134816
	508  -  MemoryUsage of job (MB)
	519400  -  ResidentSetSize of job (KB)
...
006 (3650739.000.000) 2026-04-18 01:08:10 Image size of job updated: 1127756
	502  -  MemoryUsage of job (MB)
	513216  -  ResidentSetSize of job (KB)
...
006 (3650733.000.000) 2026-04-18 01:16:03 Image size of job updated: 1134868
	511  -  MemoryUsage of job (MB)
	522632  -  ResidentSetSize of job (KB)
...
006 (3650739.000.000) 2026-04-18 01:28:12 Image size of job updated: 1127796
	502  -  MemoryUsage of job (MB)
	513216  -  ResidentSetSize of job (KB)
...
006 (3650739.000.000) 2026-04-18 02:08:16 Image size of job updated: 1127848
	502  -  MemoryUsage of job (MB)
	513216  -  ResidentSetSize of job (KB)
...
006 (3650733.000.000) 2026-04-18 02:16:09 Image size of job updated: 1134872
	511  -  MemoryUsage of job (MB)
	522632  -  ResidentSetSize of job (KB)
...
006 (3650737.000.000) 2026-04-18 02:19:04 Image size of job updated: 1130572
	504  -  MemoryUsage of job (MB)
	515812  -  ResidentSetSize of job (KB)
...
006 (3650739.000.000) 2026-04-18 03:18:23 Image size of job updated: 1127852
	502  -  MemoryUsage of job (MB)
	513216  -  ResidentSetSize of job (KB)
...
006 (3650739.000.000) 2026-04-18 03:28:24 Image size of job updated: 1127856
	502  -  MemoryUsage of job (MB)
	513216  -  ResidentSetSize of job (KB)
...
022 (3650733.000.000) 2026-04-18 03:53:51 Job disconnected, attempting to reconnect
    Socket between submit and execute hosts closed unexpectedly
    Trying to reconnect to slot1_2@ITS-EAS-PGI-M10-S1-its-u20-nfs-20210413 <10.5.46.2:9618?addrs=10.5.46.2-9618&alias=ITS-EAS-PGI-M10-S1-its-u20-nfs-20210413&noUDP&sock=startd_834_a213>
...
006 (3650735.000.000) 2026-04-18 04:20:42 Image size of job updated: 1134820
	508  -  MemoryUsage of job (MB)
	519400  -  ResidentSetSize of job (KB)
...
024 (3650733.000.000) 2026-04-18 04:34:11 Job reconnection failed
    Job disconnected too long: JobLeaseDuration (2400 seconds) expired
    Can not reconnect to slot1_2@ITS-EAS-PGI-M10-S1-its-u20-nfs-20210413, rescheduling job
...
001 (3650733.000.000) 2026-04-18 04:38:55 Job executing on host: <10.5.211.105:9618?addrs=10.5.211.105-9618&alias=CRUSH-OG-10-5-211-105&noUDP&sock=startd_1530_07fd>
...
006 (3650739.000.000) 2026-04-18 05:33:37 Image size of job updated: 1127864
	502  -  MemoryUsage of job (MB)
	513216  -  ResidentSetSize of job (KB)
...
006 (3650737.000.000) 2026-04-18 08:24:41 Image size of job updated: 1130576
	504  -  MemoryUsage of job (MB)
	515812  -  ResidentSetSize of job (KB)
...
006 (3650739.000.000) 2026-04-18 09:09:00 Image size of job updated: 1127872
	502  -  MemoryUsage of job (MB)
	513216  -  ResidentSetSize of job (KB)
...
006 (3650739.000.000) 2026-04-18 09:14:00 Image size of job updated: 1127936
	502  -  MemoryUsage of job (MB)
	513216  -  ResidentSetSize of job (KB)
...
006 (3650731.000.000) 2026-04-18 09:52:40 Image size of job updated: 1130696
	503  -  MemoryUsage of job (MB)
	514492  -  ResidentSetSize of job (KB)
...
006 (3650735.000.000) 2026-04-18 10:46:19 Image size of job updated: 1134820
	508  -  MemoryUsage of job (MB)
	520084  -  ResidentSetSize of job (KB)
...
006 (3650739.000.000) 2026-04-18 10:59:11 Image size of job updated: 1127952
	502  -  MemoryUsage of job (MB)
	513216  -  ResidentSetSize of job (KB)
...
006 (3650731.000.000) 2026-04-18 11:27:50 Image size of job updated: 1138260
	503  -  MemoryUsage of job (MB)
	514492  -  ResidentSetSize of job (KB)
...
006 (3650739.000.000) 2026-04-18 12:04:17 Image size of job updated: 1127956
	502  -  MemoryUsage of job (MB)
	513216  -  ResidentSetSize of job (KB)
...
006 (3650739.000.000) 2026-04-18 13:09:23 Image size of job updated: 1127984
	502  -  MemoryUsage of job (MB)
	513216  -  ResidentSetSize of job (KB)
...
006 (3650739.000.000) 2026-04-18 15:39:37 Image size of job updated: 1130356
	502  -  MemoryUsage of job (MB)
	513216  -  ResidentSetSize of job (KB)
...
006 (3650739.000.000) 2026-04-18 19:20:02 Image size of job updated: 1130384
	502  -  MemoryUsage of job (MB)
	513216  -  ResidentSetSize of job (KB)
...
006 (3650731.000.000) 2026-04-18 20:08:44 Image size of job updated: 1138276
	503  -  MemoryUsage of job (MB)
	514492  -  ResidentSetSize of job (KB)
...
006 (3650731.000.000) 2026-04-18 22:03:55 Image size of job updated: 1138480
	503  -  MemoryUsage of job (MB)
	514492  -  ResidentSetSize of job (KB)
...
006 (3650731.000.000) 2026-04-18 22:38:59 Image size of job updated: 1138616
	503  -  MemoryUsage of job (MB)
	514492  -  ResidentSetSize of job (KB)
...
006 (3650731.000.000) 2026-04-19 04:04:34 Image size of job updated: 1138724
	503  -  MemoryUsage of job (MB)
	514492  -  ResidentSetSize of job (KB)
...
006 (3650731.000.000) 2026-04-19 04:19:36 Image size of job updated: 1139048
	503  -  MemoryUsage of job (MB)
	514492  -  ResidentSetSize of job (KB)
...
006 (3650737.000.000) 2026-04-19 04:36:49 Image size of job updated: 1130760
	504  -  MemoryUsage of job (MB)
	515812  -  ResidentSetSize of job (KB)
...
006 (3650731.000.000) 2026-04-19 04:59:39 Image size of job updated: 1141612
	503  -  MemoryUsage of job (MB)
	514492  -  ResidentSetSize of job (KB)
...
006 (3650731.000.000) 2026-04-19 08:40:02 Image size of job updated: 1141956
	503  -  MemoryUsage of job (MB)
	514492  -  ResidentSetSize of job (KB)
...
006 (3650735.000.000) 2026-04-19 09:03:41 Image size of job updated: 1134824
	508  -  MemoryUsage of job (MB)
	520084  -  ResidentSetSize of job (KB)
...
006 (3650731.000.000) 2026-04-19 10:40:14 Image size of job updated: 1142108
	503  -  MemoryUsage of job (MB)
	514492  -  ResidentSetSize of job (KB)
...
006 (3650731.000.000) 2026-04-19 14:55:40 Image size of job updated: 1142248
	503  -  MemoryUsage of job (MB)
	514492  -  ResidentSetSize of job (KB)
...
006 (3650731.000.000) 2026-04-19 18:56:04 Image size of job updated: 1142460
	503  -  MemoryUsage of job (MB)
	514492  -  ResidentSetSize of job (KB)
...
