000 (3650732.000.000) 2026-04-17 10:34:38 Job submitted from host: <10.5.0.95:9618?addrs=10.5.0.95-9618&alias=its-og-login3.syr.edu&noUDP&sock=schedd_1996_ab1f>
...
001 (3650732.000.000) 2026-04-17 10:35:06 Job executing on host: <10.5.148.233:9618?addrs=10.5.148.233-9618&alias=CRUSH-OG-10-5-148-233&noUDP&sock=startd_1538_84bf>
...
006 (3650732.000.000) 2026-04-17 10:35:14 Image size of job updated: 47500
	29  -  MemoryUsage of job (MB)
	29548  -  ResidentSetSize of job (KB)
...
006 (3650732.000.000) 2026-04-17 10:40:14 Image size of job updated: 1019688
	424  -  MemoryUsage of job (MB)
	434068  -  ResidentSetSize of job (KB)
...
000 (3650734.000.000) 2026-04-17 10:43:24 Job submitted from host: <10.5.0.95:9618?addrs=10.5.0.95-9618&alias=its-og-login3.syr.edu&noUDP&sock=schedd_1996_ab1f>
...
000 (3650736.000.000) 2026-04-17 10:43:24 Job submitted from host: <10.5.0.95:9618?addrs=10.5.0.95-9618&alias=its-og-login3.syr.edu&noUDP&sock=schedd_1996_ab1f>
...
000 (3650738.000.000) 2026-04-17 10:43:24 Job submitted from host: <10.5.0.95:9618?addrs=10.5.0.95-9618&alias=its-og-login3.syr.edu&noUDP&sock=schedd_1996_ab1f>
...
000 (3650740.000.000) 2026-04-17 10:43:24 Job submitted from host: <10.5.0.95:9618?addrs=10.5.0.95-9618&alias=its-og-login3.syr.edu&noUDP&sock=schedd_1996_ab1f>
...
022 (3650736.000.000) 2026-04-17 10:43:34 Job disconnected, attempting to reconnect
    Socket between submit and execute hosts closed unexpectedly
    Trying to reconnect to slot1_1@OG-NODE-10-5-200-75 <10.5.200.75:9618?addrs=10.5.200.75-9618&alias=OG-NODE-10-5-200-75&noUDP&sock=startd_1241_cd1e>
...
022 (3650738.000.000) 2026-04-17 10:43:34 Job disconnected, attempting to reconnect
    Socket between submit and execute hosts closed unexpectedly
    Trying to reconnect to slot1_1@OG-NODE-10-5-198-241 <10.5.198.241:9618?addrs=10.5.198.241-9618&alias=OG-NODE-10-5-198-241&noUDP&sock=startd_1506_91b7>
...
024 (3650736.000.000) 2026-04-17 10:43:34 Job reconnection failed
    Job not found at execution machine
    Can not reconnect to slot1_1@OG-NODE-10-5-200-75, rescheduling job
...
024 (3650738.000.000) 2026-04-17 10:43:34 Job reconnection failed
    Job not found at execution machine
    Can not reconnect to slot1_1@OG-NODE-10-5-198-241, rescheduling job
...
001 (3650734.000.000) 2026-04-17 10:43:44 Job executing on host: <10.5.137.186:9618?addrs=10.5.137.186-9618&alias=CRUSH-OG-10-5-137-186&noUDP&sock=startd_1528_a8cd>
...
006 (3650734.000.000) 2026-04-17 10:43:53 Image size of job updated: 64436
	9  -  MemoryUsage of job (MB)
	8300  -  ResidentSetSize of job (KB)
...
022 (3650738.000.000) 2026-04-17 10:43:56 Job disconnected, attempting to reconnect
    Socket between submit and execute hosts closed unexpectedly
    Trying to reconnect to slot1_1@OG-NODE-10-5-199-57 <10.5.199.57:9618?addrs=10.5.199.57-9618&alias=OG-NODE-10-5-199-57&noUDP&sock=startd_1497_655d>
...
024 (3650738.000.000) 2026-04-17 10:43:56 Job reconnection failed
    Job not found at execution machine
    Can not reconnect to slot1_1@OG-NODE-10-5-199-57, rescheduling job
...
001 (3650736.000.000) 2026-04-17 10:43:56 Job executing on host: <10.5.46.2:9618?addrs=10.5.46.2-9618&alias=ITS-EAS-PGI-M10-S1-its-u20-nfs-20210413&noUDP&sock=startd_834_a213>
...
006 (3650736.000.000) 2026-04-17 10:44:04 Image size of job updated: 48996
	26  -  MemoryUsage of job (MB)
	26248  -  ResidentSetSize of job (KB)
...
006 (3650736.000.000) 2026-04-17 10:44:25 Image size of job updated: 144328
	26  -  MemoryUsage of job (MB)
	26248  -  ResidentSetSize of job (KB)
...
005 (3650736.000.000) 2026-04-17 10:44:26 Job terminated.
	(1) Normal termination (return value 1)
		Usr 0 00:00:01, Sys 0 00:00:00  -  Run Remote Usage
		Usr 0 00:00:00, Sys 0 00:00:00  -  Run Local Usage
		Usr 0 00:00:01, Sys 0 00:00:00  -  Total Remote Usage
		Usr 0 00:00:00, Sys 0 00:00:00  -  Total Local Usage
	0  -  Run Bytes Sent By Job
	0  -  Run Bytes Received By Job
	0  -  Total Bytes Sent By Job
	0  -  Total Bytes Received By Job
	Partitionable Resources :    Usage  Request Allocated 
	   Cpus                 :                 1         1 
	   Disk (KB)            :        1  4194304   4227415 
	   Memory (MB)          :       26     4096      4096 

	Job terminated of its own accord at 2026-04-17T14:44:25Z with exit-code 1.
...
001 (3650738.000.000) 2026-04-17 10:44:28 Job executing on host: <10.5.139.225:9618?addrs=10.5.139.225-9618&alias=CRUSH-OG-10-5-139-225&noUDP&sock=startd_1523_3ad4>
...
006 (3650738.000.000) 2026-04-17 10:44:36 Image size of job updated: 72264
	45  -  MemoryUsage of job (MB)
	45732  -  ResidentSetSize of job (KB)
...
022 (3650740.000.000) 2026-04-17 10:44:38 Job disconnected, attempting to reconnect
    Socket between submit and execute hosts closed unexpectedly
    Trying to reconnect to slot1_1@OG-NODE-10-5-199-57 <10.5.199.57:9618?addrs=10.5.199.57-9618&alias=OG-NODE-10-5-199-57&noUDP&sock=startd_1497_655d>
...
024 (3650740.000.000) 2026-04-17 10:44:38 Job reconnection failed
    Job not found at execution machine
    Can not reconnect to slot1_1@OG-NODE-10-5-199-57, rescheduling job
...
022 (3650740.000.000) 2026-04-17 10:45:43 Job disconnected, attempting to reconnect
    Socket between submit and execute hosts closed unexpectedly
    Trying to reconnect to slot1_1@OG-NODE-10-5-199-57 <10.5.199.57:9618?addrs=10.5.199.57-9618&alias=OG-NODE-10-5-199-57&noUDP&sock=startd_1497_655d>
...
024 (3650740.000.000) 2026-04-17 10:45:43 Job reconnection failed
    Job not found at execution machine
    Can not reconnect to slot1_1@OG-NODE-10-5-199-57, rescheduling job
...
022 (3650740.000.000) 2026-04-17 10:47:53 Job disconnected, attempting to reconnect
    Socket between submit and execute hosts closed unexpectedly
    Trying to reconnect to slot1_1@OG-NODE-10-5-200-75 <10.5.200.75:9618?addrs=10.5.200.75-9618&alias=OG-NODE-10-5-200-75&noUDP&sock=startd_1241_cd1e>
...
024 (3650740.000.000) 2026-04-17 10:47:53 Job reconnection failed
    Job not found at execution machine
    Can not reconnect to slot1_1@OG-NODE-10-5-200-75, rescheduling job
...
006 (3650734.000.000) 2026-04-17 10:48:54 Image size of job updated: 1096800
	424  -  MemoryUsage of job (MB)
	433772  -  ResidentSetSize of job (KB)
...
001 (3650740.000.000) 2026-04-17 10:49:08 Job executing on host: <10.5.238.85:9618?addrs=10.5.238.85-9618&alias=CRUSH-OG-10-5-238-85&noUDP&sock=startd_1547_b119>
...
006 (3650740.000.000) 2026-04-17 10:49:17 Image size of job updated: 125200
	12  -  MemoryUsage of job (MB)
	12136  -  ResidentSetSize of job (KB)
...
006 (3650738.000.000) 2026-04-17 10:49:36 Image size of job updated: 1021256
	426  -  MemoryUsage of job (MB)
	435332  -  ResidentSetSize of job (KB)
...
006 (3650732.000.000) 2026-04-17 10:50:15 Image size of job updated: 1019688
	429  -  MemoryUsage of job (MB)
	438328  -  ResidentSetSize of job (KB)
...
006 (3650740.000.000) 2026-04-17 10:54:18 Image size of job updated: 1021196
	381  -  MemoryUsage of job (MB)
	389900  -  ResidentSetSize of job (KB)
...
006 (3650738.000.000) 2026-04-17 10:54:36 Image size of job updated: 1021524
	426  -  MemoryUsage of job (MB)
	435332  -  ResidentSetSize of job (KB)
...
006 (3650734.000.000) 2026-04-17 10:58:55 Image size of job updated: 1096800
	426  -  MemoryUsage of job (MB)
	435208  -  ResidentSetSize of job (KB)
...
006 (3650740.000.000) 2026-04-17 10:59:18 Image size of job updated: 1021232
	425  -  MemoryUsage of job (MB)
	435128  -  ResidentSetSize of job (KB)
...
006 (3650738.000.000) 2026-04-17 10:59:37 Image size of job updated: 1099620
	426  -  MemoryUsage of job (MB)
	435708  -  ResidentSetSize of job (KB)
...
006 (3650734.000.000) 2026-04-17 11:03:56 Image size of job updated: 1096800
	429  -  MemoryUsage of job (MB)
	439244  -  ResidentSetSize of job (KB)
...
006 (3650740.000.000) 2026-04-17 11:04:18 Image size of job updated: 1021276
	426  -  MemoryUsage of job (MB)
	435260  -  ResidentSetSize of job (KB)
...
006 (3650732.000.000) 2026-04-17 11:05:16 Image size of job updated: 1096936
	429  -  MemoryUsage of job (MB)
	438328  -  ResidentSetSize of job (KB)
...
006 (3650734.000.000) 2026-04-17 11:08:57 Image size of job updated: 1096864
	429  -  MemoryUsage of job (MB)
	439244  -  ResidentSetSize of job (KB)
...
006 (3650740.000.000) 2026-04-17 11:09:19 Image size of job updated: 1021460
	426  -  MemoryUsage of job (MB)
	435916  -  ResidentSetSize of job (KB)
...
006 (3650738.000.000) 2026-04-17 11:09:38 Image size of job updated: 1099732
	427  -  MemoryUsage of job (MB)
	437172  -  ResidentSetSize of job (KB)
...
006 (3650740.000.000) 2026-04-17 11:19:20 Image size of job updated: 1021736
	426  -  MemoryUsage of job (MB)
	435916  -  ResidentSetSize of job (KB)
...
006 (3650732.000.000) 2026-04-17 11:30:18 Image size of job updated: 1096936
	430  -  MemoryUsage of job (MB)
	439460  -  ResidentSetSize of job (KB)
...
006 (3650740.000.000) 2026-04-17 11:34:22 Image size of job updated: 1099560
	426  -  MemoryUsage of job (MB)
	435916  -  ResidentSetSize of job (KB)
...
006 (3650740.000.000) 2026-04-17 11:44:23 Image size of job updated: 1099560
	430  -  MemoryUsage of job (MB)
	439680  -  ResidentSetSize of job (KB)
...
006 (3650738.000.000) 2026-04-17 11:49:42 Image size of job updated: 1099800
	427  -  MemoryUsage of job (MB)
	437172  -  ResidentSetSize of job (KB)
...
006 (3650732.000.000) 2026-04-17 11:50:20 Image size of job updated: 1097040
	430  -  MemoryUsage of job (MB)
	439460  -  ResidentSetSize of job (KB)
...
006 (3650740.000.000) 2026-04-17 11:54:23 Image size of job updated: 1100204
	430  -  MemoryUsage of job (MB)
	439680  -  ResidentSetSize of job (KB)
...
006 (3650734.000.000) 2026-04-17 12:04:01 Image size of job updated: 1097256
	429  -  MemoryUsage of job (MB)
	439244  -  ResidentSetSize of job (KB)
...
006 (3650734.000.000) 2026-04-17 12:14:02 Image size of job updated: 1097256
	430  -  MemoryUsage of job (MB)
	439588  -  ResidentSetSize of job (KB)
...
006 (3650732.000.000) 2026-04-17 12:20:23 Image size of job updated: 1097052
	430  -  MemoryUsage of job (MB)
	439460  -  ResidentSetSize of job (KB)
...
006 (3650732.000.000) 2026-04-17 12:25:23 Image size of job updated: 1097052
	506  -  MemoryUsage of job (MB)
	517728  -  ResidentSetSize of job (KB)
...
006 (3650734.000.000) 2026-04-17 12:29:04 Image size of job updated: 1097340
	430  -  MemoryUsage of job (MB)
	439588  -  ResidentSetSize of job (KB)
...
006 (3650732.000.000) 2026-04-17 12:35:24 Image size of job updated: 1097600
	506  -  MemoryUsage of job (MB)
	517728  -  ResidentSetSize of job (KB)
...
006 (3650738.000.000) 2026-04-17 13:14:50 Image size of job updated: 1100148
	427  -  MemoryUsage of job (MB)
	437172  -  ResidentSetSize of job (KB)
...
006 (3650738.000.000) 2026-04-17 13:19:50 Image size of job updated: 1100148
	430  -  MemoryUsage of job (MB)
	439792  -  ResidentSetSize of job (KB)
...
006 (3650732.000.000) 2026-04-17 13:35:31 Image size of job updated: 1099692
	506  -  MemoryUsage of job (MB)
	517728  -  ResidentSetSize of job (KB)
...
006 (3650732.000.000) 2026-04-17 14:10:35 Image size of job updated: 1099812
	506  -  MemoryUsage of job (MB)
	517728  -  ResidentSetSize of job (KB)
...
006 (3650734.000.000) 2026-04-17 14:44:18 Image size of job updated: 1100088
	430  -  MemoryUsage of job (MB)
	439588  -  ResidentSetSize of job (KB)
...
006 (3650740.000.000) 2026-04-17 16:24:51 Image size of job updated: 1100204
	507  -  MemoryUsage of job (MB)
	519052  -  ResidentSetSize of job (KB)
...
006 (3650738.000.000) 2026-04-17 16:40:10 Image size of job updated: 1100228
	430  -  MemoryUsage of job (MB)
	439792  -  ResidentSetSize of job (KB)
...
006 (3650734.000.000) 2026-04-17 17:39:39 Image size of job updated: 1100088
	430  -  MemoryUsage of job (MB)
	439816  -  ResidentSetSize of job (KB)
...
006 (3650734.000.000) 2026-04-17 18:39:44 Image size of job updated: 1129544
	430  -  MemoryUsage of job (MB)
	439816  -  ResidentSetSize of job (KB)
...
006 (3650740.000.000) 2026-04-17 19:00:07 Image size of job updated: 1100328
	507  -  MemoryUsage of job (MB)
	519052  -  ResidentSetSize of job (KB)
...
006 (3650738.000.000) 2026-04-17 20:15:32 Image size of job updated: 1100508
	430  -  MemoryUsage of job (MB)
	439792  -  ResidentSetSize of job (KB)
...
006 (3650732.000.000) 2026-04-18 00:41:36 Image size of job updated: 1099812
	506  -  MemoryUsage of job (MB)
	517804  -  ResidentSetSize of job (KB)
...
006 (3650734.000.000) 2026-04-18 01:20:27 Image size of job updated: 1132284
	430  -  MemoryUsage of job (MB)
	439816  -  ResidentSetSize of job (KB)
...
006 (3650734.000.000) 2026-04-18 01:35:28 Image size of job updated: 1132284
	432  -  MemoryUsage of job (MB)
	441656  -  ResidentSetSize of job (KB)
...
006 (3650734.000.000) 2026-04-18 02:20:34 Image size of job updated: 1132284
	463  -  MemoryUsage of job (MB)
	474068  -  ResidentSetSize of job (KB)
...
006 (3650734.000.000) 2026-04-18 02:25:34 Image size of job updated: 1132284
	465  -  MemoryUsage of job (MB)
	475916  -  ResidentSetSize of job (KB)
...
006 (3650732.000.000) 2026-04-18 03:56:56 Image size of job updated: 1099812
	507  -  MemoryUsage of job (MB)
	518624  -  ResidentSetSize of job (KB)
...
006 (3650734.000.000) 2026-04-18 04:40:49 Image size of job updated: 1132528
	465  -  MemoryUsage of job (MB)
	475916  -  ResidentSetSize of job (KB)
...
006 (3650738.000.000) 2026-04-18 08:36:49 Image size of job updated: 1132396
	430  -  MemoryUsage of job (MB)
	439792  -  ResidentSetSize of job (KB)
...
006 (3650738.000.000) 2026-04-18 08:46:51 Image size of job updated: 1132480
	430  -  MemoryUsage of job (MB)
	439792  -  ResidentSetSize of job (KB)
...
006 (3650734.000.000) 2026-04-18 08:56:16 Image size of job updated: 1132528
	508  -  MemoryUsage of job (MB)
	519256  -  ResidentSetSize of job (KB)
...
006 (3650734.000.000) 2026-04-18 09:31:19 Image size of job updated: 1133092
	508  -  MemoryUsage of job (MB)
	519256  -  ResidentSetSize of job (KB)
...
006 (3650732.000.000) 2026-04-18 10:32:38 Image size of job updated: 1100240
	507  -  MemoryUsage of job (MB)
	518624  -  ResidentSetSize of job (KB)
...
006 (3650738.000.000) 2026-04-18 10:42:01 Image size of job updated: 1132548
	430  -  MemoryUsage of job (MB)
	439792  -  ResidentSetSize of job (KB)
...
006 (3650732.000.000) 2026-04-18 12:57:51 Image size of job updated: 1132232
	507  -  MemoryUsage of job (MB)
	518624  -  ResidentSetSize of job (KB)
...
006 (3650732.000.000) 2026-04-18 13:42:56 Image size of job updated: 1132316
	507  -  MemoryUsage of job (MB)
	518624  -  ResidentSetSize of job (KB)
...
006 (3650740.000.000) 2026-04-18 15:27:19 Image size of job updated: 1132288
	507  -  MemoryUsage of job (MB)
	519052  -  ResidentSetSize of job (KB)
...
006 (3650732.000.000) 2026-04-18 16:38:13 Image size of job updated: 1132336
	507  -  MemoryUsage of job (MB)
	518624  -  ResidentSetSize of job (KB)
...
006 (3650732.000.000) 2026-04-18 17:23:18 Image size of job updated: 1132400
	507  -  MemoryUsage of job (MB)
	518624  -  ResidentSetSize of job (KB)
...
006 (3650740.000.000) 2026-04-18 17:42:33 Image size of job updated: 1132448
	507  -  MemoryUsage of job (MB)
	519052  -  ResidentSetSize of job (KB)
...
006 (3650740.000.000) 2026-04-18 18:37:38 Image size of job updated: 1132648
	507  -  MemoryUsage of job (MB)
	519052  -  ResidentSetSize of job (KB)
...
006 (3650740.000.000) 2026-04-18 18:47:40 Image size of job updated: 1132724
	507  -  MemoryUsage of job (MB)
	519052  -  ResidentSetSize of job (KB)
...
006 (3650732.000.000) 2026-04-18 19:38:31 Image size of job updated: 1132588
	507  -  MemoryUsage of job (MB)
	518624  -  ResidentSetSize of job (KB)
...
006 (3650738.000.000) 2026-04-18 19:52:59 Image size of job updated: 1132924
	430  -  MemoryUsage of job (MB)
	439792  -  ResidentSetSize of job (KB)
...
006 (3650734.000.000) 2026-04-18 20:07:24 Image size of job updated: 1137512
	508  -  MemoryUsage of job (MB)
	519256  -  ResidentSetSize of job (KB)
...
006 (3650732.000.000) 2026-04-19 10:35:09 Image size of job updated: 1132916
	507  -  MemoryUsage of job (MB)
	518624  -  ResidentSetSize of job (KB)
...
006 (3650738.000.000) 2026-04-19 11:19:34 Image size of job updated: 1133144
	430  -  MemoryUsage of job (MB)
	439792  -  ResidentSetSize of job (KB)
...
006 (3650738.000.000) 2026-04-19 16:35:07 Image size of job updated: 1168416
	430  -  MemoryUsage of job (MB)
	439792  -  ResidentSetSize of job (KB)
...
006 (3650740.000.000) 2026-04-19 19:30:17 Image size of job updated: 1135444
	507  -  MemoryUsage of job (MB)
	519052  -  ResidentSetSize of job (KB)
...
